<?xml version="1.0" encoding="UTF-8"?>
<testng-results ignored="0" total="1" passed="1" failed="0" skipped="0">
  <reporter-output>
    <line>
      <![CDATA[23:06:27.141 [main] INFO  c.k.kata.testng.KatalonListener - Requesting token with user credentials.
]]>
    </line>
    <line>
      <![CDATA[]]>
    </line>
    <line>
      <![CDATA[23:06:29.333 [main] INFO  c.k.kata.testng.KatalonListener - For real-time monitoring and better reporting capabilities please integrate this project with Katalon Analytics (more details at https://docs.katalon.com/katalon-analytics/docs/integration-with-katalon-studio.html#enable-integration)
]]>
    </line>
    <line>
      <![CDATA[]]>
    </line>
    <line>
      <![CDATA[23:06:29.362 [main] INFO  com.katalon.kata.testng.TestTemplate - Initializing parameters.
]]>
    </line>
    <line>
      <![CDATA[]]>
    </line>
    <line>
      <![CDATA[23:06:29.364 [main] INFO  com.katalon.kata.testng.TestTemplate - Initializing WebDriver chrome http://localhost:4444
]]>
    </line>
    <line>
      <![CDATA[]]>
    </line>
    <line>
      <![CDATA[23:06:29.369 [main] INFO  com.katalon.kata.testng.TestHelper - Initializing WebDriver from context.
]]>
    </line>
    <line>
      <![CDATA[]]>
    </line>
    <line>
      <![CDATA[23:06:29.369 [main] INFO  c.k.kata.webdriver.WebDriverPool - Initializing WebDriver for: chrome
]]>
    </line>
    <line>
      <![CDATA[]]>
    </line>
    <line>
      <![CDATA[23:06:29.370 [main] INFO  c.k.kata.webdriver.WebDriverPool - WebDriver cache is empty, creating new WebDriver.
]]>
    </line>
    <line>
      <![CDATA[]]>
    </line>
    <line>
      <![CDATA[23:06:32.003 [main] INFO  com.katalon.kata.testng.TestTemplate - Initializing Pages.
]]>
    </line>
    <line>
      <![CDATA[]]>
    </line>
    <line>
      <![CDATA[23:06:32.008 [main] INFO  com.katalon.kata.testng.TestTemplate - com.katalon.kata.sample.page.Init@5ecba515
]]>
    </line>
    <line>
      <![CDATA[]]>
    </line>
    <line>
      <![CDATA[23:06:32.011 [main] INFO  com.katalon.kata.testng.TestTemplate - com.katalon.kata.sample.page.PageLogin@13cd7ea5
]]>
    </line>
    <line>
      <![CDATA[]]>
    </line>
    <line>
      <![CDATA[23:06:32.024 [main] INFO  c.katalon.kata.selenium.PageTemplate - Initializing Page: com.katalon.kata.sample.page.Init
]]>
    </line>
    <line>
      <![CDATA[]]>
    </line>
    <line>
      <![CDATA[23:06:32.066 [main] INFO  c.katalon.kata.selenium.PageTemplate - Initializing Page: com.katalon.kata.sample.page.PageLogin
]]>
    </line>
    <line>
      <![CDATA[]]>
    </line>
  </reporter-output>
  <suite started-at="2020-04-27T02:06:29Z" name="Default Suite" finished-at="2020-04-27T02:06:49Z" duration-ms="20518">
    <groups>
    </groups>
    <test started-at="2020-04-27T02:06:29Z" name="TestNGTest-3f72d2b6-1ca1-4a53-932b-6b596226a119" finished-at="2020-04-27T02:06:49Z" duration-ms="20518">
      <class name="com.katalon.kata.sample.testcase.parameterize.Login">
        <test-method is-config="true" signature="beforeTest(org.testng.ITestContext)[pri:0, instance:com.katalon.kata.sample.testcase.parameterize.Login@793138bd]" started-at="2020-04-27T02:06:29Z" name="beforeTest" finished-at="2020-04-27T02:06:32Z" duration-ms="2753" status="PASS">
          <params>
            <param index="0">
              <value>
                <![CDATA[org.testng.TestRunner@5411dd90]]>
              </value>
            </param>
          </params>
          <reporter-output>
            <line>
              <![CDATA[23:06:29.362 [main] INFO  com.katalon.kata.testng.TestTemplate - Initializing parameters.
]]>
            </line>
            <line>
              <![CDATA[]]>
            </line>
            <line>
              <![CDATA[23:06:29.364 [main] INFO  com.katalon.kata.testng.TestTemplate - Initializing WebDriver chrome http://localhost:4444
]]>
            </line>
            <line>
              <![CDATA[]]>
            </line>
            <line>
              <![CDATA[23:06:29.369 [main] INFO  com.katalon.kata.testng.TestHelper - Initializing WebDriver from context.
]]>
            </line>
            <line>
              <![CDATA[]]>
            </line>
            <line>
              <![CDATA[23:06:29.369 [main] INFO  c.k.kata.webdriver.WebDriverPool - Initializing WebDriver for: chrome
]]>
            </line>
            <line>
              <![CDATA[]]>
            </line>
            <line>
              <![CDATA[23:06:29.370 [main] INFO  c.k.kata.webdriver.WebDriverPool - WebDriver cache is empty, creating new WebDriver.
]]>
            </line>
            <line>
              <![CDATA[]]>
            </line>
            <line>
              <![CDATA[23:06:32.003 [main] INFO  com.katalon.kata.testng.TestTemplate - Initializing Pages.
]]>
            </line>
            <line>
              <![CDATA[]]>
            </line>
            <line>
              <![CDATA[23:06:32.008 [main] INFO  com.katalon.kata.testng.TestTemplate - com.katalon.kata.sample.page.Init@5ecba515
]]>
            </line>
            <line>
              <![CDATA[]]>
            </line>
            <line>
              <![CDATA[23:06:32.011 [main] INFO  com.katalon.kata.testng.TestTemplate - com.katalon.kata.sample.page.PageLogin@13cd7ea5
]]>
            </line>
            <line>
              <![CDATA[]]>
            </line>
            <line>
              <![CDATA[23:06:32.024 [main] INFO  c.katalon.kata.selenium.PageTemplate - Initializing Page: com.katalon.kata.sample.page.Init
]]>
            </line>
            <line>
              <![CDATA[]]>
            </line>
            <line>
              <![CDATA[23:06:32.066 [main] INFO  c.katalon.kata.selenium.PageTemplate - Initializing Page: com.katalon.kata.sample.page.PageLogin
]]>
            </line>
            <line>
              <![CDATA[]]>
            </line>
          </reporter-output>
        </test-method> <!-- beforeTest -->
        <test-method signature="login()[pri:0, instance:com.katalon.kata.sample.testcase.parameterize.Login@793138bd]" started-at="2020-04-27T02:06:32Z" name="login" finished-at="2020-04-27T02:06:49Z" duration-ms="17726" status="PASS">
          <reporter-output>
          </reporter-output>
        </test-method> <!-- login -->
      </class> <!-- com.katalon.kata.sample.testcase.parameterize.Login -->
    </test> <!-- TestNGTest-3f72d2b6-1ca1-4a53-932b-6b596226a119 -->
  </suite> <!-- Default Suite -->
</testng-results>
